# JRE version: OpenJDK Runtime Environment JBR-11.0.11.9-1504.16-jcef (11.0.11+9) (build 11.0.11+9-b1504.16)
# Java VM: OpenJDK 64-Bit Server VM JBR-11.0.11.9-1504.16-jcef (11.0.11+9-b1504.16, mixed mode, tiered, compressed oops, g1 gc, windows-amd64)
Heap:
 garbage-first heap   total 350208K, used 193851K [0x0000000080000000, 0x0000000100000000)
  region size 1024K, 49 young (50176K), 5 survivors (5120K)
 Metaspace       used 147112K, capacity 151508K, committed 156364K, reserved 1185792K
  class space    used 17398K, capacity 18976K, committed 19916K, reserved 1048576K
GC Heap History (20 events):
Event: 17606.370 GC heap before
{Heap before GC invocations=393 (full 0):
 garbage-first heap   total 350208K, used 192571K [0x0000000080000000, 0x0000000100000000)
  region size 1024K, 10 young (10240K), 2 survivors (2048K)
 Metaspace       used 150783K, capacity 155966K, committed 156364K, reserved 1185792K
  class space    used 17925K, capacity 19736K, committed 19916K, reserved 1048576K
}
Event: 17606.377 GC heap after
{Heap after GC invocations=394 (full 0):
 garbage-first heap   total 350208K, used 187614K [0x0000000080000000, 0x0000000100000000)
  region size 1024K, 4 young (4096K), 4 survivors (4096K)
 Metaspace       used 150783K, capacity 155966K, committed 156364K, reserved 1185792K
  class space    used 17925K, capacity 19736K, committed 19916K, reserved 1048576K
}
Event: 17613.704 GC heap before
{Heap before GC invocations=395 (full 0):
 garbage-first heap   total 350208K, used 283870K [0x0000000080000000, 0x0000000100000000)
  region size 1024K, 83 young (84992K), 4 survivors (4096K)
 Metaspace       used 150792K, capacity 155970K, committed 156364K, reserved 1185792K
  class space    used 17926K, capacity 19737K, committed 19916K, reserved 1048576K
}
Event: 17613.708 GC heap after
{Heap after GC invocations=396 (full 0):
 garbage-first heap   total 350208K, used 183621K [0x0000000080000000, 0x0000000100000000)
  region size 1024K, 4 young (4096K), 4 survivors (4096K)
 Metaspace       used 150792K, capacity 155970K, committed 156364K, reserved 1185792K
  class space    used 17926K, capacity 19737K, committed 19916K, reserved 1048576K
}
Event: 17613.762 GC heap before
{Heap before GC invocations=396 (full 0):
 garbage-first heap   total 350208K, used 195909K [0x0000000080000000, 0x0000000100000000)
  region size 1024K, 17 young (17408K), 4 survivors (4096K)
 Metaspace       used 150797K, capacity 155970K, committed 156364K, reserved 1185792K
  class space    used 17926K, capacity 19737K, committed 19916K, reserved 1048576K
}
Event: 17613.768 GC heap after
{Heap after GC invocations=397 (full 0):
 garbage-first heap   total 350208K, used 175274K [0x0000000080000000, 0x0000000100000000)
  region size 1024K, 3 young (3072K), 3 survivors (3072K)
 Metaspace       used 150797K, capacity 155970K, committed 156364K, reserved 1185792K
  class space    used 17926K, capacity 19737K, committed 19916K, reserved 1048576K
}
Event: 17614.038 GC heap before
{Heap before GC invocations=397 (full 0):
 garbage-first heap   total 350208K, used 203946K [0x0000000080000000, 0x0000000100000000)
  region size 1024K, 33 young (33792K), 3 survivors (3072K)
 Metaspace       used 150802K, capacity 155970K, committed 156364K, reserved 1185792K
  class space    used 17926K, capacity 19737K, committed 19916K, reserved 1048576K
}
Event: 17614.051 GC heap after
{Heap after GC invocations=398 (full 0):
 garbage-first heap   total 350208K, used 178251K [0x0000000080000000, 0x0000000100000000)
  region size 1024K, 6 young (6144K), 6 survivors (6144K)
 Metaspace       used 150802K, capacity 155970K, committed 156364K, reserved 1185792K
  class space    used 17926K, capacity 19737K, committed 19916K, reserved 1048576K
}
Event: 18864.381 GC heap before
{Heap before GC invocations=399 (full 0):
 garbage-first heap   total 350208K, used 289867K [0x0000000080000000, 0x0000000100000000)
  region size 1024K, 101 young (103424K), 6 survivors (6144K)
 Metaspace       used 150804K, capacity 155970K, committed 156364K, reserved 1185792K
  class space    used 17927K, capacity 19737K, committed 19916K, reserved 1048576K
}
Event: 18864.385 GC heap after
{Heap after GC invocations=400 (full 0):
 garbage-first heap   total 350208K, used 179626K [0x0000000080000000, 0x0000000100000000)
  region size 1024K, 6 young (6144K), 6 survivors (6144K)
 Metaspace       used 150804K, capacity 155970K, committed 156364K, reserved 1185792K
  class space    used 17927K, capacity 19737K, committed 19916K, reserved 1048576K
}
Event: 19489.385 GC heap before
{Heap before GC invocations=400 (full 0):
 garbage-first heap   total 350208K, used 190890K [0x0000000080000000, 0x0000000100000000)
  region size 1024K, 17 young (17408K), 6 survivors (6144K)
 Metaspace       used 150804K, capacity 155970K, committed 156364K, reserved 1185792K
  class space    used 17927K, capacity 19737K, committed 19916K, reserved 1048576K
}
Event: 19489.395 GC heap after
{Heap after GC invocations=401 (full 0):
 garbage-first heap   total 350208K, used 158473K [0x0000000080000000, 0x0000000100000000)
  region size 1024K, 1 young (1024K), 1 survivors (1024K)
 Metaspace       used 150804K, capacity 155970K, committed 156364K, reserved 1185792K
  class space    used 17927K, capacity 19737K, committed 19916K, reserved 1048576K
}
Event: 26286.386 GC heap before
{Heap before GC invocations=401 (full 0):
 garbage-first heap   total 350208K, used 275209K [0x0000000080000000, 0x0000000100000000)
  region size 1024K, 115 young (117760K), 1 survivors (1024K)
 Metaspace       used 150804K, capacity 155970K, committed 156364K, reserved 1185792K
  class space    used 17927K, capacity 19737K, committed 19916K, reserved 1048576K
}
Event: 26286.391 GC heap after
{Heap after GC invocations=402 (full 0):
 garbage-first heap   total 350208K, used 157917K [0x0000000080000000, 0x0000000100000000)
  region size 1024K, 1 young (1024K), 1 survivors (1024K)
 Metaspace       used 150804K, capacity 155970K, committed 156364K, reserved 1185792K
  class space    used 17927K, capacity 19737K, committed 19916K, reserved 1048576K
}
Event: 28350.356 GC heap before
{Heap before GC invocations=403 (full 0):
 garbage-first heap   total 350208K, used 280797K [0x0000000080000000, 0x0000000100000000)
  region size 1024K, 121 young (123904K), 1 survivors (1024K)
 Metaspace       used 146976K, capacity 151222K, committed 156364K, reserved 1185792K
  class space    used 17372K, capacity 18935K, committed 19916K, reserved 1048576K
}
Event: 28350.362 GC heap after
{Heap after GC invocations=404 (full 0):
 garbage-first heap   total 350208K, used 160486K [0x0000000080000000, 0x0000000100000000)
  region size 1024K, 7 young (7168K), 7 survivors (7168K)
 Metaspace       used 146976K, capacity 151222K, committed 156364K, reserved 1185792K
  class space    used 17372K, capacity 18935K, committed 19916K, reserved 1048576K
}
Event: 28350.395 GC heap before
{Heap before GC invocations=404 (full 0):
 garbage-first heap   total 350208K, used 170726K [0x0000000080000000, 0x0000000100000000)
  region size 1024K, 17 young (17408K), 7 survivors (7168K)
 Metaspace       used 146997K, capacity 151242K, committed 156364K, reserved 1185792K
  class space    used 17378K, capacity 18943K, committed 19916K, reserved 1048576K
}
Event: 28350.418 GC heap after
{Heap after GC invocations=405 (full 0):
 garbage-first heap   total 350208K, used 144964K [0x0000000080000000, 0x0000000100000000)
  region size 1024K, 2 young (2048K), 2 survivors (2048K)
 Metaspace       used 146997K, capacity 151242K, committed 156364K, reserved 1185792K
  class space    used 17378K, capacity 18943K, committed 19916K, reserved 1048576K
}
Event: 28350.678 GC heap before
{Heap before GC invocations=405 (full 0):
 garbage-first heap   total 350208K, used 178756K [0x0000000080000000, 0x0000000100000000)
  region size 1024K, 36 young (36864K), 2 survivors (2048K)
 Metaspace       used 147112K, capacity 151508K, committed 156364K, reserved 1185792K
  class space    used 17398K, capacity 18976K, committed 19916K, reserved 1048576K
}
Event: 28350.690 GC heap after
{Heap after GC invocations=406 (full 0):
 garbage-first heap   total 350208K, used 147771K [0x0000000080000000, 0x0000000100000000)
  region size 1024K, 5 young (5120K), 5 survivors (5120K)
 Metaspace       used 147112K, capacity 151508K, committed 156364K, reserved 1185792K
  class space    used 17398K, capacity 18976K, committed 19916K, reserved 1048576K
}

